<?xml version="1.0" encoding="UTF-8"?>
<!-- Generated by org.testng.reporters.JUnitReportReporter -->
<testsuite hostname="DESKTOP-D2F20CM" failures="0" tests="1" name="com.testprod1urlsuites.Datadriven" time="10.811" errors="0" timestamp="2023-06-05T18:20:45 IST" skipped="0">
  <testcase classname="com.testprod1urlsuites.Datadriven" name="dataDrivenTest" time="10.811"/>
  <system-out/>
</testsuite> <!-- com.testprod1urlsuites.Datadriven -->
