<?xml version="1.0" encoding="UTF-8"?>
<!-- Generated by org.testng.reporters.JUnitReportReporter -->
<testsuite hostname="DESKTOP-D2F20CM" failures="0" tests="1" name="com.reusablemethods.testsuite" time="4.218" errors="0" timestamp="2023-06-01T19:18:02 IST" skipped="0">
  <testcase classname="com.reusablemethods.testsuite" name="method1" time="4.218"/>
  <system-out/>
</testsuite> <!-- com.reusablemethods.testsuite -->
