<?xml version="1.0" encoding="UTF-8"?>
<!-- Generated by org.testng.reporters.JUnitReportReporter -->
<testsuite hostname="DESKTOP-D2F20CM" failures="0" tests="2" name="com.testsuites.CreateStorybookSpec" time="10.039" errors="0" timestamp="2023-06-09T15:14:07 IST" skipped="0">
  <testcase classname="com.testsuites.CreateStorybookSpec" name="verifyLoginwithInValidInfo" time="9.947"/>
  <system-out/>
  <testcase classname="com.testsuites.CreateStorybookSpec" name="test2" time="0.092"/>
  <system-out/>
</testsuite> <!-- com.testsuites.CreateStorybookSpec -->
