<?xml version="1.0" encoding="UTF-8"?>
<!-- Generated by org.testng.reporters.JUnitReportReporter -->
<testsuite hostname="DESKTOP-D2F20CM" failures="0" tests="1" name="com.testsuites.Datadriven" time="7.503" errors="0" timestamp="2023-06-09T15:14:07 IST" skipped="0">
  <testcase classname="com.testsuites.Datadriven" name="dataDrivenTest" time="7.503"/>
  <system-out/>
</testsuite> <!-- com.testsuites.Datadriven -->
