<?xml version="1.0" encoding="UTF-8"?>
<!-- Generated by org.testng.reporters.JUnitReportReporter -->
<testsuite hostname="DESKTOP-D2F20CM" failures="0" tests="2" name="com.testsuites.CreateStorybookSpec" time="8.938" errors="0" timestamp="2023-06-09T14:34:24 IST" skipped="0">
  <testcase classname="com.testsuites.CreateStorybookSpec" name="test2" time="0.124"/>
  <system-out/>
  <testcase classname="com.testsuites.CreateStorybookSpec" name="verifyLoginwithInValidInfo" time="8.814"/>
  <system-out/>
</testsuite> <!-- com.testsuites.CreateStorybookSpec -->
