<?xml version="1.0" encoding="UTF-8"?>
<!-- Generated by org.testng.reporters.JUnitReportReporter -->
<testsuite hostname="DESKTOP-D2F20CM" failures="0" tests="1" name="com.testsuites.LinkedTest" time="23.926" errors="0" timestamp="2023-06-06T20:25:27 IST" skipped="0">
  <testcase classname="com.testsuites.LinkedTest" name="VerifyLinkedInLogin" time="23.926"/>
  <system-out/>
</testsuite> <!-- com.testsuites.LinkedTest -->
